Arguments: 
  /home/abeltemmy/.nvm/versions/node/v18.13.0/bin/node /home/abeltemmy/.cache/node/corepack/yarn/1.22.19/bin/yarn.js add --dev hardhat

PATH: 
  /home/abeltemmy/.nvm/versions/node/v18.13.0/bin:/home/abeltemmy/.vscode-server/bin/441438abd1ac652551dbe4d408dfcec8a499b8bf/bin/remote-cli:/usr/local/sbin:/usr/local/bin:/usr/sbin:/usr/bin:/sbin:/bin:/usr/games:/usr/local/games:/usr/lib/wsl/lib:/mnt/c/Program Files (x86)/Common Files/Intel/Shared Libraries/redist/intel64/compiler:/mnt/c/WINDOWS/system32:/mnt/c/WINDOWS:/mnt/c/WINDOWS/System32/Wbem:/mnt/c/WINDOWS/System32/WindowsPowerShell/v1.0/:/mnt/c/WINDOWS/System32/OpenSSH/:/mnt/c/Program Files/nodejs/:/mnt/c/ProgramData/chocolatey/bin:/mnt/c/Program Files/Git/cmd:/mnt/c/msys64/mingw64/bin:/mnt/c/Users/user/.cargo/bin:/mnt/c/Users/user/AppData/Local/Programs/Python/Python310/Scripts/:/mnt/c/Users/user/AppData/Local/Programs/Python/Python310/:/mnt/c/Users/user/AppData/Local/Microsoft/WindowsApps:/mnt/c/Program Files/JetBrains/PyCharm Community Edition 2022.1/bin:/mnt/c/Users/user/AppData/Local/Programs/Microsoft VS Code/bin:/mnt/c/ProgramData/user/atom/bin:/mnt/c/Users/user/AppData/Local/atom/bin:/mnt/c/Users/user/AppData/Roaming/npm:/mnt/c/Users/user/AppData/Local/Programs/Python/Python310/Scripts

Yarn version: 
  1.22.19

Node version: 
  18.13.0

Platform: 
  linux x64

Trace: 
  SyntaxError: /home/abeltemmy/.cache/yarn/v6/npm-undici-5.20.0-6327462f5ce1d3646bcdac99da7317f455bcc263-integrity/node_modules/undici/.yarn-metadata.json: Unexpected end of JSON input
      at JSON.parse (<anonymous>)
      at /home/abeltemmy/.cache/node/corepack/yarn/1.22.19/lib/cli.js:1629:59
      at Generator.next (<anonymous>)
      at step (/home/abeltemmy/.cache/node/corepack/yarn/1.22.19/lib/cli.js:310:30)
      at /home/abeltemmy/.cache/node/corepack/yarn/1.22.19/lib/cli.js:321:13

npm manifest: 
  No manifest

yarn manifest: 
  No manifest

Lockfile: 
  No lockfile
